<?xml version="1.0" encoding="UTF-8"?>
<!-- Generated by org.testng.reporters.JUnitReportReporter -->
<testsuite hostname="LAPTOP-B5Q7LBNL" name="com.sellabs.practice.SanityTest" tests="1" failures="0" timestamp="23 Oct 2019 16:53:28 GMT" time="0.019" errors="0">
  <testcase name="search" time="0.019" classname="com.sellabs.practice.SanityTest"/>
</testsuite> <!-- com.sellabs.practice.SanityTest -->
